[2025-08-15 22:23:56] Received log:
     Running beforeBuildCommand `npm run build`

> sis-ui@0.0.0 build
> tsc -b && vite build

vite v7.1.1 building for production...
transforming...
✓ 59 modules transformed.
rendering chunks...
computing gzip size...
dist/index.html                   0.46 kB │ gzip:  0.30 kB
dist/assets/index-BATHTpRv.css   26.26 kB │ gzip:  5.54 kB
dist/assets/index-DBSWWJrz.js   207.62 kB │ gzip: 64.93 kB
✓ built in 1.11s
   Compiling proc-macro2 v1.0.95
   Compiling unicode-ident v1.0.18
   Compiling serde v1.0.219
   Compiling libc v0.2.174
   Compiling smallvec v1.15.1
   Compiling equivalent v1.0.2
   Compiling hashbrown v0.15.5
   Compiling winnow v0.5.40
   Compiling heck v0.5.0
   Compiling pkg-config v0.3.32
   Compiling target-lexicon v0.12.16
   Compiling version-compare v0.2.0
   Compiling cfg-if v1.0.1
   Compiling syn v1.0.109
   Compiling autocfg v1.5.0
   Compiling indexmap v2.10.0
   Compiling zerocopy v0.8.26
   Compiling version_check v0.9.5
   Compiling thiserror v1.0.69
   Compiling icu_properties_data v2.0.1
   Compiling cfg-expr v0.15.8
   Compiling icu_normalizer_data v2.0.0
   Compiling stable_deref_trait v1.2.0
   Compiling semver v1.0.26
   Compiling siphasher v1.0.1
   Compiling memchr v2.7.5
   Compiling siphasher v0.3.11
   Compiling phf_shared v0.11.3
   Compiling lock_api v0.4.13
   Compiling getrandom v0.1.16
   Compiling getrandom v0.2.16
   Compiling fnv v1.0.7
   Compiling parking_lot_core v0.9.11
   Compiling typeid v1.0.3
   Compiling thiserror v2.0.12
   Compiling rand_core v0.6.4
   Compiling rand_core v0.5.1
   Compiling proc-macro-error-attr v1.0.4
   Compiling quote v1.0.40
   Compiling litemap v0.8.0
   Compiling itoa v1.0.15
   Compiling strsim v0.11.1
   Compiling writeable v0.6.1
   Compiling ident_case v1.0.1
   Compiling syn v2.0.104
   Compiling proc-macro-error v1.0.4
   Compiling getrandom v0.3.3
   Compiling rand_pcg v0.2.1
   Compiling phf_shared v0.8.0
   Compiling proc-macro-hack v0.5.20+deprecated
   Compiling anyhow v1.0.98
   Compiling once_cell v1.21.3
   Compiling pin-project-lite v0.2.16
   Compiling ppv-lite86 v0.2.21
   Compiling futures-core v0.3.31
   Compiling phf_shared v0.10.0
   Compiling scopeguard v1.2.0
   Compiling byteorder v1.5.0
   Compiling futures-task v0.3.31
   Compiling slab v0.4.11
   Compiling new_debug_unreachable v1.0.6
   Compiling serde_json v1.0.142
   Compiling pin-utils v0.1.0
   Compiling mac v0.1.1
   Compiling ryu v1.0.20
   Compiling heck v0.4.1
   Compiling precomputed-hash v0.1.1
   Compiling parking_lot v0.12.4
   Compiling futf v0.1.5
   Compiling futures-channel v0.3.31
   Compiling rand_chacha v0.3.1
   Compiling rand_chacha v0.2.2
   Compiling dtoa v1.0.10
   Compiling utf-8 v0.7.6
   Compiling bitflags v1.3.2
   Compiling log v0.4.27
   Compiling rand v0.8.5
   Compiling rand v0.7.3
   Compiling utf8_iter v1.0.4
   Compiling percent-encoding v2.3.1
   Compiling dtoa-short v0.3.5
   Compiling tendril v0.4.3
   Compiling form_urlencoded v1.2.1
   Compiling aho-corasick v1.1.3
   Compiling indexmap v1.9.3
   Compiling nodrop v0.1.14
   Compiling matches v0.1.10
   Compiling unic-common v0.9.0
   Compiling regex-syntax v0.8.5
   Compiling camino v1.1.11
   Compiling convert_case v0.4.0
   Compiling unic-char-range v0.9.0
   Compiling alloc-no-stdlib v2.0.4
   Compiling unic-char-property v0.9.0
   Compiling alloc-stdlib v0.2.2
   Compiling phf_generator v0.11.3
   Compiling phf_generator v0.10.0
   Compiling phf_generator v0.8.0
   Compiling unic-ucd-version v0.9.0
   Compiling string_cache_codegen v0.5.4
   Compiling phf_codegen v0.11.3
   Compiling phf_codegen v0.8.0
   Compiling servo_arc v0.2.0
   Compiling fxhash v0.2.1
   Compiling phf v0.8.0
   Compiling selectors v0.24.0
   Compiling schemars v0.8.22
   Compiling hashbrown v0.12.3
   Compiling unic-ucd-ident v0.9.0
   Compiling brotli-decompressor v5.0.0
   Compiling markup5ever v0.14.1
   Compiling bytes v1.10.1
   Compiling dyn-clone v1.0.20
   Compiling gio v0.18.4
   Compiling same-file v1.0.6
   Compiling walkdir v2.5.0
   Compiling futures-io v0.3.31
   Compiling synstructure v0.13.2
   Compiling darling_core v0.20.11
   Compiling serde_derive_internals v0.29.1
   Compiling brotli v8.0.1
   Compiling http v1.3.1
   Compiling glob v0.3.2
   Compiling dunce v1.0.5
   Compiling regex-automata v0.4.9
   Compiling winnow v0.7.12
   Compiling toml_writer v1.0.2
   Compiling memoffset v0.9.1
   Compiling shlex v1.3.0
   Compiling cc v1.2.32
   Compiling cssparser v0.29.6
   Compiling phf_macros v0.10.0
   Compiling typenum v1.18.0
   Compiling serde_derive v1.0.219
   Compiling zerofrom-derive v0.1.6
   Compiling yoke-derive v0.8.0
   Compiling zerovec-derive v0.11.1
   Compiling displaydoc v0.2.5
   Compiling thiserror-impl v1.0.69
   Compiling thiserror-impl v2.0.12
   Compiling phf_macros v0.11.3
   Compiling darling_macro v0.20.11
   Compiling zerofrom v0.1.6
   Compiling yoke v0.8.0
   Compiling futures-macro v0.3.31
   Compiling zerotrie v0.2.2
   Compiling darling v0.20.11
   Compiling serde_with_macros v3.14.0
   Compiling zerovec v0.11.4
   Compiling phf v0.11.3
   Compiling phf v0.10.1
   Compiling cssparser-macros v0.6.1
   Compiling ctor v0.2.9
   Compiling futures-util v0.3.31
   Compiling derive_more v0.99.20
   Compiling match_token v0.1.0
   Compiling regex v1.11.1
   Compiling schemars_derive v0.8.22
   Compiling tinystr v0.8.1
   Compiling potential_utf v0.1.2
   Compiling icu_locale_core v2.0.0
   Compiling icu_collections v2.0.0
   Compiling toml_parser v1.0.2
   Compiling option-ext v0.2.0
   Compiling icu_provider v2.0.0
   Compiling icu_properties v2.0.1
   Compiling icu_normalizer v2.0.0
   Compiling dirs-sys v0.5.0
   Compiling futures-executor v0.3.31
   Compiling generic-array v0.14.7
   Compiling gtk v0.18.2
   Compiling value-bag v1.11.1
   Compiling toml_datetime v0.6.3
   Compiling serde_spanned v0.6.9
   Compiling toml_edit v0.20.2
   Compiling idna_adapter v1.2.1
   Compiling string_cache v0.8.9
   Compiling rustc_version v0.4.1
   Compiling idna v1.0.3
   Compiling uuid v1.17.0
   Compiling bitflags v2.9.1
   Compiling url v2.5.4
   Compiling cfb v0.7.3
   Compiling erased-serde v0.4.6
   Compiling jsonptr v0.6.3
   Compiling html5ever v0.29.1
   Compiling cargo-platform v0.1.9
   Compiling serde_with v3.14.0
   Compiling json-patch v3.0.1
   Compiling urlpattern v0.3.0
   Compiling cargo_metadata v0.19.2
   Compiling infer v0.19.0
   Compiling serde-untagged v0.1.7
   Compiling toml_datetime v0.7.0
   Compiling serde_spanned v1.0.0
   Compiling toml v0.9.5
   Compiling field-offset v0.3.6
   Compiling toml_edit v0.19.15
   Compiling kuchikiki v0.8.8-speedreader
   Compiling toml v0.8.2
   Compiling proc-macro-crate v2.0.2
   Compiling crossbeam-utils v0.8.21
   Compiling system-deps v6.2.2
   Compiling embed-resource v3.0.5
   Compiling cargo_toml v0.22.3
   Compiling tauri-winres v0.3.3
   Compiling tauri-utils v2.6.0
   Compiling dirs v6.0.0
   Compiling x11 v2.21.0
   Compiling simd-adler32 v0.3.7
   Compiling glib-macros v0.18.5
   Compiling glib-sys v0.18.1
   Compiling gobject-sys v0.18.0
   Compiling gio-sys v0.18.1
   Compiling gdk-sys v0.18.2
   Compiling gdk-pixbuf-sys v0.18.0
   Compiling pango-sys v0.18.0
   Compiling cairo-sys-rs v0.18.2
   Compiling atk-sys v0.18.2
   Compiling gtk-sys v0.18.2
   Compiling proc-macro-crate v1.3.1
   Compiling soup3-sys v0.5.0
   Compiling javascriptcore-rs-sys v1.1.1
   Compiling crc32fast v1.5.0
   Compiling gtk3-macros v0.18.2
   Compiling webkit2gtk-sys v2.0.1
   Compiling gdkx11-sys v0.18.2
   Compiling powerfmt v0.2.0
   Compiling time-core v0.1.4
   Compiling num-conv v0.1.0
   Compiling glib v0.18.5
   Compiling adler2 v2.0.1
   Compiling miniz_oxide v0.8.9
   Compiling time-macros v0.2.22
   Compiling crossbeam-channel v0.5.15
   Compiling deranged v0.4.0
   Compiling dpi v0.1.2
   Compiling cookie v0.18.1
   Compiling x11-dl v2.21.0
   Compiling num_threads v0.1.7
   Compiling time v0.3.41
   Compiling tauri-build v2.3.1
   Compiling tauri-plugin v2.3.1
   Compiling flate2 v1.1.2
   Compiling crypto-common v0.1.6
   Compiling block-buffer v0.10.4
   Compiling fdeflate v0.3.7
   Compiling raw-window-handle v0.6.2
   Compiling cairo-rs v0.18.5
   Compiling atk v0.18.2
   Compiling javascriptcore-rs v1.1.2
   Compiling tauri v2.7.0
   Compiling png v0.17.16
   Compiling digest v0.10.7
   Compiling dlopen2_derive v0.4.1
   Compiling wry v0.52.1
   Compiling cpufeatures v0.2.17
   Compiling unicode-segmentation v1.12.0
   Compiling tauri-runtime v2.7.1
   Compiling keyboard-types v0.7.0
   Compiling sha2 v0.10.9
   Compiling dlopen2 v0.7.0
   Compiling ico v0.4.0
   Compiling gdkwayland-sys v0.18.2
   Compiling num-traits v0.2.19
   Compiling base64 v0.22.1
   Compiling lazy_static v1.5.0
   Compiling tauri-runtime-wry v2.7.2
   Compiling rustix v0.38.44
   Compiling tauri-codegen v2.3.1
   Compiling serialize-to-javascript-impl v0.1.1
   Compiling mime v0.3.17
   Compiling linux-raw-sys v0.4.15
   Compiling rust_decimal v1.37.2
   Compiling serialize-to-javascript v0.1.1
   Compiling tauri-plugin-log v2.6.0
   Compiling tauri-plugin-global-shortcut v2.3.0
   Compiling tokio v1.47.1
   Compiling serde_repr v0.1.20
   Compiling tauri-macros v2.3.2
   Compiling x11rb-protocol v0.13.1
   Compiling arrayvec v0.7.6
   Compiling unicase v2.8.1
   Compiling inotify-sys v0.1.5
   Compiling mime_guess v2.0.5
   Compiling xkeysym v0.2.1
   Compiling utf8-width v0.1.7
   Compiling byte-unit v5.1.6
   Compiling inotify v0.9.6
   Compiling app v0.1.0 (/home/rinta/sis/sis-ui/src-tauri)
   Compiling dirs-sys v0.4.1
   Compiling filetime v0.2.25
   Compiling mio v0.8.11
   Compiling fern v0.7.1
   Compiling notify v6.1.1
   Compiling dirs v5.0.1
   Compiling sysinfo v0.36.1
   Compiling pango v0.18.3
   Compiling gdk-pixbuf v0.18.5
   Compiling soup3 v0.5.0
   Compiling x11rb v0.13.1
   Compiling gdk v0.18.2
   Compiling global-hotkey v0.7.0
   Compiling gdkx11 v0.18.2
   Compiling webkit2gtk v2.0.1
   Compiling tao v0.34.0
   Compiling muda v0.17.1
error[E0599]: no method named `get_window` found for mutable reference `&mut tauri::App` in the current scope
   --> src/main.rs:319:72
    |
319 |             let window = app.get_webview_window("main").or_else(|| app.get_window("main"));
    |                                                                        ^^^^^^^^^^
    |
help: there is a method `get_webview_window` with a similar name
    |
319 |             let window = app.get_webview_window("main").or_else(|| app.get_webview_window("main"));
    |                                                                             ++++++++

warning: variable does not need to be mutable
  --> src/main.rs:27:9
   |
27 |     let mut sys = system.inner().clone();
   |         ----^^^
   |         |
   |         help: remove this `mut`
   |
   = note: `#[warn(unused_mut)]` on by default

error[E0596]: cannot borrow `*sys` as mutable, as it is behind a `&` reference
  --> src/main.rs:29:5
   |
29 |     sys.refresh_all();
   |     ^^^ `sys` is a `&` reference, so the data it refers to cannot be borrowed as mutable
   |
help: `sysinfo::System` doesn't implement `Clone`, so this call clones the reference `&sysinfo::System`
  --> src/main.rs:27:34
   |
27 |     let mut sys = system.inner().clone();
   |                                  ^^^^^^^
help: consider specifying this binding's type
   |
27 |     let mut sys: &mut sysinfo::System = system.inner().clone();
   |                ++++++++++++++++++++++

Some errors have detailed explanations: E0596, E0599.
For more information about an error, try `rustc --explain E0596`.
warning: `app` (bin "app") generated 1 warning
error: could not compile `app` (bin "app") due to 2 previous errors; 1 warning emitted
failed to build app: failed to build app
       Error failed to build app: failed to build app
